# JRE version: OpenJDK Runtime Environment Microsoft-8035246 (17.0.8+7) (build 17.0.8+7-LTS)
# Java VM: OpenJDK 64-Bit Server VM Microsoft-8035246 (17.0.8+7-LTS, mixed mode, sharing, tiered, compressed oops, compressed class ptrs, g1 gc, windows-amd64)
GC Precious Log:
 CPUs: 4 total, 4 available
 Memory: 8090M
 Large Page Support: Disabled
 NUMA Support: Disabled
 Compressed Oops: Enabled (32-bit)
 Heap Region Size: 1M
 Heap Min Capacity: 8M
 Heap Initial Capacity: 128M
 Heap Max Capacity: 2G
 Pre-touch: Disabled
 Parallel Workers: 4
 Concurrent Workers: 1
 Concurrent Refinement Workers: 4
 Periodic GC: Disabled
Heap:
 garbage-first heap   total 408576K, used 199318K [0x0000000080000000, 0x0000000100000000)
  region size 1024K, 47 young (48128K), 13 survivors (13312K)
 Metaspace       used 99535K, committed 100608K, reserved 557056K
  class space    used 13849K, committed 14336K, reserved 425984K
GC Heap History (20 events):
Event: 53.240 GC heap before
{Heap before GC invocations=37 (full 0):
 garbage-first heap   total 193536K, used 148939K [0x0000000080000000, 0x0000000100000000)
  region size 1024K, 62 young (63488K), 7 survivors (7168K)
 Metaspace       used 80747K, committed 81472K, reserved 557056K
  class space    used 11268K, committed 11584K, reserved 425984K
}
Event: 53.258 GC heap after
{Heap after GC invocations=38 (full 0):
 garbage-first heap   total 193536K, used 93534K [0x0000000080000000, 0x0000000100000000)
  region size 1024K, 2 young (2048K), 2 survivors (2048K)
 Metaspace       used 80747K, committed 81472K, reserved 557056K
  class space    used 11268K, committed 11584K, reserved 425984K
}
Event: 54.543 GC heap before
{Heap before GC invocations=38 (full 0):
 garbage-first heap   total 193536K, used 151902K [0x0000000080000000, 0x0000000100000000)
  region size 1024K, 59 young (60416K), 2 survivors (2048K)
 Metaspace       used 84735K, committed 85440K, reserved 557056K
  class space    used 11945K, committed 12288K, reserved 425984K
}
Event: 54.554 GC heap after
{Heap after GC invocations=39 (full 0):
 garbage-first heap   total 193536K, used 95582K [0x0000000080000000, 0x0000000100000000)
  region size 1024K, 4 young (4096K), 4 survivors (4096K)
 Metaspace       used 84735K, committed 85440K, reserved 557056K
  class space    used 11945K, committed 12288K, reserved 425984K
}
Event: 56.220 GC heap before
{Heap before GC invocations=40 (full 0):
 garbage-first heap   total 193536K, used 154974K [0x0000000080000000, 0x0000000100000000)
  region size 1024K, 62 young (63488K), 4 survivors (4096K)
 Metaspace       used 87132K, committed 87936K, reserved 557056K
  class space    used 12324K, committed 12672K, reserved 425984K
}
Event: 56.245 GC heap after
{Heap after GC invocations=41 (full 0):
 garbage-first heap   total 193536K, used 101635K [0x0000000080000000, 0x0000000100000000)
  region size 1024K, 8 young (8192K), 8 survivors (8192K)
 Metaspace       used 87132K, committed 87936K, reserved 557056K
  class space    used 12324K, committed 12672K, reserved 425984K
}
Event: 56.295 GC heap before
{Heap before GC invocations=41 (full 0):
 garbage-first heap   total 193536K, used 102659K [0x0000000080000000, 0x0000000100000000)
  region size 1024K, 9 young (9216K), 8 survivors (8192K)
 Metaspace       used 87184K, committed 87936K, reserved 557056K
  class space    used 12334K, committed 12672K, reserved 425984K
}
Event: 56.315 GC heap after
{Heap after GC invocations=42 (full 0):
 garbage-first heap   total 193536K, used 102706K [0x0000000080000000, 0x0000000100000000)
  region size 1024K, 2 young (2048K), 2 survivors (2048K)
 Metaspace       used 87184K, committed 87936K, reserved 557056K
  class space    used 12334K, committed 12672K, reserved 425984K
}
Event: 59.133 GC heap before
{Heap before GC invocations=42 (full 0):
 garbage-first heap   total 193536K, used 160050K [0x0000000080000000, 0x0000000100000000)
  region size 1024K, 54 young (55296K), 2 survivors (2048K)
 Metaspace       used 88026K, committed 88832K, reserved 557056K
  class space    used 12392K, committed 12736K, reserved 425984K
}
Event: 59.151 GC heap after
{Heap after GC invocations=43 (full 0):
 garbage-first heap   total 193536K, used 118105K [0x0000000080000000, 0x0000000100000000)
  region size 1024K, 7 young (7168K), 7 survivors (7168K)
 Metaspace       used 88026K, committed 88832K, reserved 557056K
  class space    used 12392K, committed 12736K, reserved 425984K
}
Event: 62.450 GC heap before
{Heap before GC invocations=44 (full 0):
 garbage-first heap   total 203776K, used 155993K [0x0000000080000000, 0x0000000100000000)
  region size 1024K, 44 young (45056K), 7 survivors (7168K)
 Metaspace       used 89747K, committed 90624K, reserved 557056K
  class space    used 12596K, committed 12992K, reserved 425984K
}
Event: 62.475 GC heap after
{Heap after GC invocations=45 (full 0):
 garbage-first heap   total 203776K, used 126741K [0x0000000080000000, 0x0000000100000000)
  region size 1024K, 6 young (6144K), 6 survivors (6144K)
 Metaspace       used 89747K, committed 90624K, reserved 557056K
  class space    used 12596K, committed 12992K, reserved 425984K
}
Event: 62.774 GC heap before
{Heap before GC invocations=45 (full 0):
 garbage-first heap   total 203776K, used 129813K [0x0000000080000000, 0x0000000100000000)
  region size 1024K, 9 young (9216K), 6 survivors (6144K)
 Metaspace       used 89858K, committed 90752K, reserved 557056K
  class space    used 12609K, committed 12992K, reserved 425984K
}
Event: 62.787 GC heap after
{Heap after GC invocations=46 (full 0):
 garbage-first heap   total 203776K, used 127536K [0x0000000080000000, 0x0000000100000000)
  region size 1024K, 1 young (1024K), 1 survivors (1024K)
 Metaspace       used 89858K, committed 90752K, reserved 557056K
  class space    used 12609K, committed 12992K, reserved 425984K
}
Event: 66.896 GC heap before
{Heap before GC invocations=46 (full 0):
 garbage-first heap   total 203776K, used 165424K [0x0000000080000000, 0x0000000100000000)
  region size 1024K, 37 young (37888K), 1 survivors (1024K)
 Metaspace       used 90304K, committed 91200K, reserved 557056K
  class space    used 12653K, committed 13056K, reserved 425984K
}
Event: 66.919 GC heap after
{Heap after GC invocations=47 (full 0):
 garbage-first heap   total 408576K, used 137076K [0x0000000080000000, 0x0000000100000000)
  region size 1024K, 5 young (5120K), 5 survivors (5120K)
 Metaspace       used 90304K, committed 91200K, reserved 557056K
  class space    used 12653K, committed 13056K, reserved 425984K
}
Event: 79.754 GC heap before
{Heap before GC invocations=47 (full 0):
 garbage-first heap   total 408576K, used 295796K [0x0000000080000000, 0x0000000100000000)
  region size 1024K, 160 young (163840K), 5 survivors (5120K)
 Metaspace       used 97966K, committed 98944K, reserved 557056K
  class space    used 13670K, committed 14144K, reserved 425984K
}
Event: 79.814 GC heap after
{Heap after GC invocations=48 (full 0):
 garbage-first heap   total 408576K, used 149801K [0x0000000080000000, 0x0000000100000000)
  region size 1024K, 18 young (18432K), 18 survivors (18432K)
 Metaspace       used 97966K, committed 98944K, reserved 557056K
  class space    used 13670K, committed 14144K, reserved 425984K
}
Event: 93.963 GC heap before
{Heap before GC invocations=48 (full 0):
 garbage-first heap   total 408576K, used 314665K [0x0000000080000000, 0x0000000100000000)
  region size 1024K, 176 young (180224K), 18 survivors (18432K)
 Metaspace       used 99362K, committed 100352K, reserved 557056K
  class space    used 13836K, committed 14336K, reserved 425984K
}
Event: 94.031 GC heap after
{Heap after GC invocations=49 (full 0):
 garbage-first heap   total 408576K, used 162454K [0x0000000080000000, 0x0000000100000000)
  region size 1024K, 13 young (13312K), 13 survivors (13312K)
 Metaspace       used 99362K, committed 100352K, reserved 557056K
  class space    used 13836K, committed 14336K, reserved 425984K
}

