# JRE version: OpenJDK Runtime Environment Microsoft-8035246 (17.0.8+7) (build 17.0.8+7-LTS)
# Java VM: OpenJDK 64-Bit Server VM Microsoft-8035246 (17.0.8+7-LTS, mixed mode, sharing, tiered, compressed oops, compressed class ptrs, g1 gc, windows-amd64)
GC Precious Log:
 CPUs: 4 total, 4 available
 Memory: 8090M
 Large Page Support: Disabled
 NUMA Support: Disabled
 Compressed Oops: Enabled (32-bit)
 Heap Region Size: 1M
 Heap Min Capacity: 8M
 Heap Initial Capacity: 128M
 Heap Max Capacity: 2G
 Pre-touch: Disabled
 Parallel Workers: 4
 Concurrent Workers: 1
 Concurrent Refinement Workers: 4
 Periodic GC: Disabled
Heap:
 garbage-first heap   total 365568K, used 279040K [0x0000000080000000, 0x0000000100000000)
  region size 1024K, 107 young (109568K), 9 survivors (9216K)
 Metaspace       used 99983K, committed 100992K, reserved 557056K
  class space    used 13907K, committed 14400K, reserved 425984K
GC Heap History (20 events):
Event: 42.919 GC heap before
{Heap before GC invocations=36 (full 0):
 garbage-first heap   total 177152K, used 93351K [0x0000000080000000, 0x0000000100000000)
  region size 1024K, 8 young (8192K), 7 survivors (7168K)
 Metaspace       used 76962K, committed 77696K, reserved 557056K
  class space    used 10723K, committed 11072K, reserved 425984K
}
Event: 42.937 GC heap after
{Heap after GC invocations=37 (full 0):
 garbage-first heap   total 177152K, used 92047K [0x0000000080000000, 0x0000000100000000)
  region size 1024K, 1 young (1024K), 1 survivors (1024K)
 Metaspace       used 76962K, committed 77696K, reserved 557056K
  class space    used 10723K, committed 11072K, reserved 425984K
}
Event: 43.930 GC heap before
{Heap before GC invocations=37 (full 0):
 garbage-first heap   total 177152K, used 134031K [0x0000000080000000, 0x0000000100000000)
  region size 1024K, 43 young (44032K), 1 survivors (1024K)
 Metaspace       used 79466K, committed 80192K, reserved 557056K
  class space    used 11084K, committed 11456K, reserved 425984K
}
Event: 43.936 GC heap after
{Heap after GC invocations=38 (full 0):
 garbage-first heap   total 177152K, used 93282K [0x0000000080000000, 0x0000000100000000)
  region size 1024K, 2 young (2048K), 2 survivors (2048K)
 Metaspace       used 79466K, committed 80192K, reserved 557056K
  class space    used 11084K, committed 11456K, reserved 425984K
}
Event: 45.603 GC heap before
{Heap before GC invocations=39 (full 0):
 garbage-first heap   total 177152K, used 143458K [0x0000000080000000, 0x0000000100000000)
  region size 1024K, 50 young (51200K), 2 survivors (2048K)
 Metaspace       used 82849K, committed 83520K, reserved 557056K
  class space    used 11713K, committed 12032K, reserved 425984K
}
Event: 45.612 GC heap after
{Heap after GC invocations=40 (full 0):
 garbage-first heap   total 177152K, used 94350K [0x0000000080000000, 0x0000000100000000)
  region size 1024K, 3 young (3072K), 3 survivors (3072K)
 Metaspace       used 82849K, committed 83520K, reserved 557056K
  class space    used 11713K, committed 12032K, reserved 425984K
}
Event: 45.788 GC heap before
{Heap before GC invocations=40 (full 0):
 garbage-first heap   total 177152K, used 99470K [0x0000000080000000, 0x0000000100000000)
  region size 1024K, 8 young (8192K), 3 survivors (3072K)
 Metaspace       used 83195K, committed 83904K, reserved 557056K
  class space    used 11755K, committed 12096K, reserved 425984K
}
Event: 45.799 GC heap after
{Heap after GC invocations=41 (full 0):
 garbage-first heap   total 177152K, used 94380K [0x0000000080000000, 0x0000000100000000)
  region size 1024K, 1 young (1024K), 1 survivors (1024K)
 Metaspace       used 83195K, committed 83904K, reserved 557056K
  class space    used 11755K, committed 12096K, reserved 425984K
}
Event: 47.116 GC heap before
{Heap before GC invocations=41 (full 0):
 garbage-first heap   total 177152K, used 144556K [0x0000000080000000, 0x0000000100000000)
  region size 1024K, 50 young (51200K), 1 survivors (1024K)
 Metaspace       used 85579K, committed 86400K, reserved 557056K
  class space    used 12084K, committed 12480K, reserved 425984K
}
Event: 47.134 GC heap after
{Heap after GC invocations=42 (full 0):
 garbage-first heap   total 402432K, used 97966K [0x0000000080000000, 0x0000000100000000)
  region size 1024K, 5 young (5120K), 5 survivors (5120K)
 Metaspace       used 85579K, committed 86400K, reserved 557056K
  class space    used 12084K, committed 12480K, reserved 425984K
}
Event: 54.524 GC heap before
{Heap before GC invocations=43 (full 0):
 garbage-first heap   total 365568K, used 319150K [0x0000000080000000, 0x0000000100000000)
  region size 1024K, 214 young (219136K), 5 survivors (5120K)
 Metaspace       used 93709K, committed 94720K, reserved 557056K
  class space    used 13190K, committed 13696K, reserved 425984K
}
Event: 54.583 GC heap after
{Heap after GC invocations=44 (full 0):
 garbage-first heap   total 365568K, used 135889K [0x0000000080000000, 0x0000000100000000)
  region size 1024K, 27 young (27648K), 27 survivors (27648K)
 Metaspace       used 93709K, committed 94720K, reserved 557056K
  class space    used 13190K, committed 13696K, reserved 425984K
}
Event: 54.638 GC heap before
{Heap before GC invocations=44 (full 0):
 garbage-first heap   total 365568K, used 136913K [0x0000000080000000, 0x0000000100000000)
  region size 1024K, 28 young (28672K), 27 survivors (27648K)
 Metaspace       used 93793K, committed 94784K, reserved 557056K
  class space    used 13198K, committed 13696K, reserved 425984K
}
Event: 54.682 GC heap after
{Heap after GC invocations=45 (full 0):
 garbage-first heap   total 365568K, used 139081K [0x0000000080000000, 0x0000000100000000)
  region size 1024K, 2 young (2048K), 2 survivors (2048K)
 Metaspace       used 93793K, committed 94784K, reserved 557056K
  class space    used 13198K, committed 13696K, reserved 425984K
}
Event: 58.926 GC heap before
{Heap before GC invocations=45 (full 0):
 garbage-first heap   total 365568K, used 270153K [0x0000000080000000, 0x0000000100000000)
  region size 1024K, 130 young (133120K), 2 survivors (2048K)
 Metaspace       used 98528K, committed 99392K, reserved 557056K
  class space    used 13784K, committed 14208K, reserved 425984K
}
Event: 58.974 GC heap after
{Heap after GC invocations=46 (full 0):
 garbage-first heap   total 365568K, used 150345K [0x0000000080000000, 0x0000000100000000)
  region size 1024K, 13 young (13312K), 13 survivors (13312K)
 Metaspace       used 98528K, committed 99392K, reserved 557056K
  class space    used 13784K, committed 14208K, reserved 425984K
}
Event: 62.358 GC heap before
{Heap before GC invocations=46 (full 0):
 garbage-first heap   total 365568K, used 280393K [0x0000000080000000, 0x0000000100000000)
  region size 1024K, 137 young (140288K), 13 survivors (13312K)
 Metaspace       used 99339K, committed 100288K, reserved 557056K
  class space    used 13848K, committed 14336K, reserved 425984K
}
Event: 62.407 GC heap after
{Heap after GC invocations=47 (full 0):
 garbage-first heap   total 365568K, used 160190K [0x0000000080000000, 0x0000000100000000)
  region size 1024K, 10 young (10240K), 10 survivors (10240K)
 Metaspace       used 99339K, committed 100288K, reserved 557056K
  class space    used 13848K, committed 14336K, reserved 425984K
}
Event: 66.433 GC heap before
{Heap before GC invocations=47 (full 0):
 garbage-first heap   total 365568K, used 305598K [0x0000000080000000, 0x0000000100000000)
  region size 1024K, 133 young (136192K), 10 survivors (10240K)
 Metaspace       used 99691K, committed 100672K, reserved 557056K
  class space    used 13880K, committed 14336K, reserved 425984K
}
Event: 66.483 GC heap after
{Heap after GC invocations=48 (full 0):
 garbage-first heap   total 365568K, used 168448K [0x0000000080000000, 0x0000000100000000)
  region size 1024K, 9 young (9216K), 9 survivors (9216K)
 Metaspace       used 99691K, committed 100672K, reserved 557056K
  class space    used 13880K, committed 14336K, reserved 425984K
}

