# JRE version: OpenJDK Runtime Environment Microsoft-8035246 (17.0.8+7) (build 17.0.8+7-LTS)
# Java VM: OpenJDK 64-Bit Server VM Microsoft-8035246 (17.0.8+7-LTS, mixed mode, sharing, tiered, compressed oops, compressed class ptrs, g1 gc, windows-amd64)
GC Precious Log:
 CPUs: 4 total, 4 available
 Memory: 8090M
 Large Page Support: Disabled
 NUMA Support: Disabled
 Compressed Oops: Enabled (32-bit)
 Heap Region Size: 1M
 Heap Min Capacity: 8M
 Heap Initial Capacity: 128M
 Heap Max Capacity: 2G
 Pre-touch: Disabled
 Parallel Workers: 4
 Concurrent Workers: 1
 Concurrent Refinement Workers: 4
 Periodic GC: Disabled
Heap:
 garbage-first heap   total 316416K, used 206643K [0x0000000080000000, 0x0000000100000000)
  region size 1024K, 54 young (55296K), 7 survivors (7168K)
 Metaspace       used 99264K, committed 100224K, reserved 557056K
  class space    used 13828K, committed 14272K, reserved 425984K
GC Heap History (20 events):
Event: 52.407 GC heap before
{Heap before GC invocations=45 (full 0):
 garbage-first heap   total 245760K, used 186646K [0x0000000080000000, 0x0000000100000000)
  region size 1024K, 97 young (99328K), 11 survivors (11264K)
 Metaspace       used 85207K, committed 86016K, reserved 557056K
  class space    used 12026K, committed 12416K, reserved 425984K
}
Event: 52.434 GC heap after
{Heap after GC invocations=46 (full 0):
 garbage-first heap   total 245760K, used 102061K [0x0000000080000000, 0x0000000100000000)
  region size 1024K, 10 young (10240K), 10 survivors (10240K)
 Metaspace       used 85207K, committed 86016K, reserved 557056K
  class space    used 12026K, committed 12416K, reserved 425984K
}
Event: 55.033 GC heap before
{Heap before GC invocations=46 (full 0):
 garbage-first heap   total 245760K, used 196269K [0x0000000080000000, 0x0000000100000000)
  region size 1024K, 98 young (100352K), 10 survivors (10240K)
 Metaspace       used 87810K, committed 88704K, reserved 557056K
  class space    used 12385K, committed 12800K, reserved 425984K
}
Event: 55.078 GC heap after
{Heap after GC invocations=47 (full 0):
 garbage-first heap   total 245760K, used 119929K [0x0000000080000000, 0x0000000100000000)
  region size 1024K, 13 young (13312K), 13 survivors (13312K)
 Metaspace       used 87810K, committed 88704K, reserved 557056K
  class space    used 12385K, committed 12800K, reserved 425984K
}
Event: 57.642 GC heap before
{Heap before GC invocations=47 (full 0):
 garbage-first heap   total 245760K, used 192633K [0x0000000080000000, 0x0000000100000000)
  region size 1024K, 83 young (84992K), 13 survivors (13312K)
 Metaspace       used 90019K, committed 90944K, reserved 557056K
  class space    used 12625K, committed 13056K, reserved 425984K
}
Event: 57.686 GC heap after
{Heap after GC invocations=48 (full 0):
 garbage-first heap   total 245760K, used 132918K [0x0000000080000000, 0x0000000100000000)
  region size 1024K, 11 young (11264K), 11 survivors (11264K)
 Metaspace       used 90019K, committed 90944K, reserved 557056K
  class space    used 12625K, committed 13056K, reserved 425984K
}
Event: 57.810 GC heap before
{Heap before GC invocations=48 (full 0):
 garbage-first heap   total 245760K, used 137014K [0x0000000080000000, 0x0000000100000000)
  region size 1024K, 16 young (16384K), 11 survivors (11264K)
 Metaspace       used 90051K, committed 90944K, reserved 557056K
  class space    used 12629K, committed 13056K, reserved 425984K
}
Event: 57.831 GC heap after
{Heap after GC invocations=49 (full 0):
 garbage-first heap   total 245760K, used 135086K [0x0000000080000000, 0x0000000100000000)
  region size 1024K, 2 young (2048K), 2 survivors (2048K)
 Metaspace       used 90051K, committed 90944K, reserved 557056K
  class space    used 12629K, committed 13056K, reserved 425984K
}
Event: 59.824 GC heap before
{Heap before GC invocations=50 (full 0):
 garbage-first heap   total 245760K, used 194478K [0x0000000080000000, 0x0000000100000000)
  region size 1024K, 62 young (63488K), 2 survivors (2048K)
 Metaspace       used 93466K, committed 94464K, reserved 557056K
  class space    used 13141K, committed 13632K, reserved 425984K
}
Event: 59.847 GC heap after
{Heap after GC invocations=51 (full 0):
 garbage-first heap   total 245760K, used 139446K [0x0000000080000000, 0x0000000100000000)
  region size 1024K, 8 young (8192K), 8 survivors (8192K)
 Metaspace       used 93466K, committed 94464K, reserved 557056K
  class space    used 13141K, committed 13632K, reserved 425984K
}
Event: 59.931 GC heap before
{Heap before GC invocations=51 (full 0):
 garbage-first heap   total 245760K, used 143542K [0x0000000080000000, 0x0000000100000000)
  region size 1024K, 12 young (12288K), 8 survivors (8192K)
 Metaspace       used 93782K, committed 94784K, reserved 557056K
  class space    used 13188K, committed 13696K, reserved 425984K
}
Event: 59.951 GC heap after
{Heap after GC invocations=52 (full 0):
 garbage-first heap   total 245760K, used 139685K [0x0000000080000000, 0x0000000100000000)
  region size 1024K, 1 young (1024K), 1 survivors (1024K)
 Metaspace       used 93782K, committed 94784K, reserved 557056K
  class space    used 13188K, committed 13696K, reserved 425984K
}
Event: 61.760 GC heap before
{Heap before GC invocations=52 (full 0):
 garbage-first heap   total 245760K, used 199077K [0x0000000080000000, 0x0000000100000000)
  region size 1024K, 59 young (60416K), 1 survivors (1024K)
 Metaspace       used 97271K, committed 98240K, reserved 557056K
  class space    used 13616K, committed 14080K, reserved 425984K
}
Event: 61.788 GC heap after
{Heap after GC invocations=53 (full 0):
 garbage-first heap   total 245760K, used 144498K [0x0000000080000000, 0x0000000100000000)
  region size 1024K, 6 young (6144K), 6 survivors (6144K)
 Metaspace       used 97271K, committed 98240K, reserved 557056K
  class space    used 13616K, committed 14080K, reserved 425984K
}
Event: 63.535 GC heap before
{Heap before GC invocations=54 (full 0):
 garbage-first heap   total 263168K, used 199794K [0x0000000080000000, 0x0000000100000000)
  region size 1024K, 60 young (61440K), 6 survivors (6144K)
 Metaspace       used 97922K, committed 98880K, reserved 557056K
  class space    used 13672K, committed 14144K, reserved 425984K
}
Event: 63.566 GC heap after
{Heap after GC invocations=55 (full 0):
 garbage-first heap   total 263168K, used 150460K [0x0000000080000000, 0x0000000100000000)
  region size 1024K, 6 young (6144K), 6 survivors (6144K)
 Metaspace       used 97922K, committed 98880K, reserved 557056K
  class space    used 13672K, committed 14144K, reserved 425984K
}
Event: 63.714 GC heap before
{Heap before GC invocations=55 (full 0):
 garbage-first heap   total 263168K, used 156604K [0x0000000080000000, 0x0000000100000000)
  region size 1024K, 12 young (12288K), 6 survivors (6144K)
 Metaspace       used 98102K, committed 99072K, reserved 557056K
  class space    used 13689K, committed 14144K, reserved 425984K
}
Event: 63.733 GC heap after
{Heap after GC invocations=56 (full 0):
 garbage-first heap   total 316416K, used 150496K [0x0000000080000000, 0x0000000100000000)
  region size 1024K, 1 young (1024K), 1 survivors (1024K)
 Metaspace       used 98102K, committed 99072K, reserved 557056K
  class space    used 13689K, committed 14144K, reserved 425984K
}
Event: 66.763 GC heap before
{Heap before GC invocations=56 (full 0):
 garbage-first heap   total 316416K, used 238560K [0x0000000080000000, 0x0000000100000000)
  region size 1024K, 88 young (90112K), 1 survivors (1024K)
 Metaspace       used 99190K, committed 100160K, reserved 557056K
  class space    used 13828K, committed 14272K, reserved 425984K
}
Event: 66.785 GC heap after
{Heap after GC invocations=57 (full 0):
 garbage-first heap   total 316416K, used 156467K [0x0000000080000000, 0x0000000100000000)
  region size 1024K, 7 young (7168K), 7 survivors (7168K)
 Metaspace       used 99190K, committed 100160K, reserved 557056K
  class space    used 13828K, committed 14272K, reserved 425984K
}

