# JRE version: OpenJDK Runtime Environment Microsoft-8035246 (17.0.8+7) (build 17.0.8+7-LTS)
# Java VM: OpenJDK 64-Bit Server VM Microsoft-8035246 (17.0.8+7-LTS, mixed mode, sharing, tiered, compressed oops, compressed class ptrs, g1 gc, windows-amd64)
GC Precious Log:
 CPUs: 4 total, 4 available
 Memory: 8090M
 Large Page Support: Disabled
 NUMA Support: Disabled
 Compressed Oops: Enabled (32-bit)
 Heap Region Size: 1M
 Heap Min Capacity: 8M
 Heap Initial Capacity: 128M
 Heap Max Capacity: 2G
 Pre-touch: Disabled
 Parallel Workers: 4
 Concurrent Workers: 1
 Concurrent Refinement Workers: 4
 Periodic GC: Disabled
Heap:
 garbage-first heap   total 408576K, used 231804K [0x0000000080000000, 0x0000000100000000)
  region size 1024K, 66 young (67584K), 19 survivors (19456K)
 Metaspace       used 109401K, committed 110400K, reserved 557056K
  class space    used 15013K, committed 15488K, reserved 425984K
GC Heap History (20 events):
Event: 60.940 GC heap before
{Heap before GC invocations=45 (full 0):
 garbage-first heap   total 178176K, used 94080K [0x0000000080000000, 0x0000000100000000)
  region size 1024K, 8 young (8192K), 6 survivors (6144K)
 Metaspace       used 82112K, committed 82880K, reserved 557056K
  class space    used 11351K, committed 11712K, reserved 425984K
}
Event: 60.964 GC heap after
{Heap after GC invocations=46 (full 0):
 garbage-first heap   total 178176K, used 91785K [0x0000000080000000, 0x0000000100000000)
  region size 1024K, 1 young (1024K), 1 survivors (1024K)
 Metaspace       used 82112K, committed 82880K, reserved 557056K
  class space    used 11351K, committed 11712K, reserved 425984K
}
Event: 68.718 GC heap before
{Heap before GC invocations=46 (full 0):
 garbage-first heap   total 178176K, used 136841K [0x0000000080000000, 0x0000000100000000)
  region size 1024K, 45 young (46080K), 1 survivors (1024K)
 Metaspace       used 83324K, committed 84032K, reserved 557056K
  class space    used 11521K, committed 11840K, reserved 425984K
}
Event: 68.729 GC heap after
{Heap after GC invocations=47 (full 0):
 garbage-first heap   total 178176K, used 94110K [0x0000000080000000, 0x0000000100000000)
  region size 1024K, 3 young (3072K), 3 survivors (3072K)
 Metaspace       used 83324K, committed 84032K, reserved 557056K
  class space    used 11521K, committed 11840K, reserved 425984K
}
Event: 70.043 GC heap before
{Heap before GC invocations=48 (full 0):
 garbage-first heap   total 178176K, used 141214K [0x0000000080000000, 0x0000000100000000)
  region size 1024K, 48 young (49152K), 3 survivors (3072K)
 Metaspace       used 86279K, committed 87040K, reserved 557056K
  class space    used 11999K, committed 12352K, reserved 425984K
}
Event: 70.053 GC heap after
{Heap after GC invocations=49 (full 0):
 garbage-first heap   total 178176K, used 95444K [0x0000000080000000, 0x0000000100000000)
  region size 1024K, 4 young (4096K), 4 survivors (4096K)
 Metaspace       used 86279K, committed 87040K, reserved 557056K
  class space    used 11999K, committed 12352K, reserved 425984K
}
Event: 70.150 GC heap before
{Heap before GC invocations=49 (full 0):
 garbage-first heap   total 178176K, used 99540K [0x0000000080000000, 0x0000000100000000)
  region size 1024K, 8 young (8192K), 4 survivors (4096K)
 Metaspace       used 86555K, committed 87360K, reserved 557056K
  class space    used 12057K, committed 12416K, reserved 425984K
}
Event: 70.160 GC heap after
{Heap after GC invocations=50 (full 0):
 garbage-first heap   total 178176K, used 95699K [0x0000000080000000, 0x0000000100000000)
  region size 1024K, 1 young (1024K), 1 survivors (1024K)
 Metaspace       used 86555K, committed 87360K, reserved 557056K
  class space    used 12057K, committed 12416K, reserved 425984K
}
Event: 71.300 GC heap before
{Heap before GC invocations=50 (full 0):
 garbage-first heap   total 178176K, used 142803K [0x0000000080000000, 0x0000000100000000)
  region size 1024K, 47 young (48128K), 1 survivors (1024K)
 Metaspace       used 89789K, committed 90560K, reserved 557056K
  class space    used 12582K, committed 12928K, reserved 425984K
}
Event: 71.316 GC heap after
{Heap after GC invocations=51 (full 0):
 garbage-first heap   total 408576K, used 97188K [0x0000000080000000, 0x0000000100000000)
  region size 1024K, 3 young (3072K), 3 survivors (3072K)
 Metaspace       used 89789K, committed 90560K, reserved 557056K
  class space    used 12582K, committed 12928K, reserved 425984K
}
Event: 81.659 GC heap before
{Heap before GC invocations=51 (full 0):
 garbage-first heap   total 408576K, used 319396K [0x0000000080000000, 0x0000000100000000)
  region size 1024K, 213 young (218112K), 3 survivors (3072K)
 Metaspace       used 96526K, committed 97472K, reserved 557056K
  class space    used 13444K, committed 13888K, reserved 425984K
}
Event: 81.789 GC heap after
{Heap after GC invocations=52 (full 0):
 garbage-first heap   total 408576K, used 137267K [0x0000000080000000, 0x0000000100000000)
  region size 1024K, 27 young (27648K), 27 survivors (27648K)
 Metaspace       used 96526K, committed 97472K, reserved 557056K
  class space    used 13444K, committed 13888K, reserved 425984K
}
Event: 86.249 GC heap before
{Heap before GC invocations=52 (full 0):
 garbage-first heap   total 408576K, used 279603K [0x0000000080000000, 0x0000000100000000)
  region size 1024K, 166 young (169984K), 27 survivors (27648K)
 Metaspace       used 103159K, committed 104128K, reserved 557056K
  class space    used 14329K, committed 14784K, reserved 425984K
}
Event: 86.383 GC heap after
{Heap after GC invocations=53 (full 0):
 garbage-first heap   total 408576K, used 151476K [0x0000000080000000, 0x0000000100000000)
  region size 1024K, 14 young (14336K), 14 survivors (14336K)
 Metaspace       used 103159K, committed 104128K, reserved 557056K
  class space    used 14329K, committed 14784K, reserved 425984K
}
Event: 91.179 GC heap before
{Heap before GC invocations=53 (full 0):
 garbage-first heap   total 408576K, used 297908K [0x0000000080000000, 0x0000000100000000)
  region size 1024K, 154 young (157696K), 14 survivors (14336K)
 Metaspace       used 104549K, committed 105600K, reserved 557056K
  class space    used 14509K, committed 14976K, reserved 425984K
}
Event: 91.279 GC heap after
{Heap after GC invocations=54 (full 0):
 garbage-first heap   total 408576K, used 162172K [0x0000000080000000, 0x0000000100000000)
  region size 1024K, 11 young (11264K), 11 survivors (11264K)
 Metaspace       used 104549K, committed 105600K, reserved 557056K
  class space    used 14509K, committed 14976K, reserved 425984K
}
Event: 94.660 GC heap before
{Heap before GC invocations=54 (full 0):
 garbage-first heap   total 408576K, used 329084K [0x0000000080000000, 0x0000000100000000)
  region size 1024K, 155 young (158720K), 11 survivors (11264K)
 Metaspace       used 105081K, committed 106112K, reserved 557056K
  class space    used 14546K, committed 15040K, reserved 425984K
}
Event: 94.770 GC heap after
{Heap after GC invocations=55 (full 0):
 garbage-first heap   total 408576K, used 172412K [0x0000000080000000, 0x0000000100000000)
  region size 1024K, 20 young (20480K), 20 survivors (20480K)
 Metaspace       used 105081K, committed 106112K, reserved 557056K
  class space    used 14546K, committed 15040K, reserved 425984K
}
Event: 98.673 GC heap before
{Heap before GC invocations=55 (full 0):
 garbage-first heap   total 408576K, used 335228K [0x0000000080000000, 0x0000000100000000)
  region size 1024K, 163 young (166912K), 20 survivors (20480K)
 Metaspace       used 107184K, committed 108224K, reserved 557056K
  class space    used 14761K, committed 15232K, reserved 425984K
}
Event: 98.734 GC heap after
{Heap after GC invocations=56 (full 0):
 garbage-first heap   total 408576K, used 180604K [0x0000000080000000, 0x0000000100000000)
  region size 1024K, 19 young (19456K), 19 survivors (19456K)
 Metaspace       used 107184K, committed 108224K, reserved 557056K
  class space    used 14761K, committed 15232K, reserved 425984K
}

